<?xml version='1.0'?>
<ns2:test-suite xmlns:ns2='urn:model.allure.qatools.yandex.ru' start='1644242890986' stop='1644242905022'>
    <name>User is able to Navigate, Add to shirt to Cart, and Checkout in the Polymer Shop</name>
    <title>User is able to Navigate, Add to shirt to Cart, and Checkout in the Polymer Shop</title>
    <test-cases>
        <test-case start='1644242891014' status='passed' stop='1644242893648'>
            <name>Navigate to Shirt Sections</name>
            <title>Navigate to Shirt Sections</title>
            <labels>
                <label name='language' value='javascript'/>
                <label name='framework' value='wdio'/>
                <label name='thread' value='0-0'/>
            </labels>
            <parameters>
                <parameter kind='argument' name='browser' value='chrome-98.0.4758.80'/>
            </parameters>
            <steps>
                <step start='1644242891016' status='passed' stop='1644242891021'>
                    <name>Given I am on the home page "https://shop.polymer-project.org/"</name>
                    <title>Given I am on the home page "https://shop.polymer-project.org/"</title>
                    <attachments/>
                    <steps/>
                </step>
                <step start='1644242891021' status='passed' stop='1644242893601'>
                    <name>When I navigate to Men's Outerwear section</name>
                    <title>When I navigate to Men's Outerwear section</title>
                    <attachments/>
                    <steps/>
                </step>
                <step start='1644242893601' status='passed' stop='1644242893646'>
                    <name>Then I should view all shirt List</name>
                    <title>Then I should view all shirt List</title>
                    <attachments/>
                    <steps/>
                </step>
            </steps>
            <attachments/>
        </test-case>
        <test-case start='1644242893648' status='broken' stop='1644242899667'>
            <name>Select and Add to Cart Ladies outerwears</name>
            <title>Select and Add to Cart Ladies outerwears</title>
            <labels>
                <label name='language' value='javascript'/>
                <label name='framework' value='wdio'/>
                <label name='thread' value='0-0'/>
            </labels>
            <parameters>
                <parameter kind='argument' name='browser' value='chrome-98.0.4758.80'/>
            </parameters>
            <steps>
                <step start='1644242893649' status='passed' stop='1644242899378'>
                    <name>When I select a random shirt</name>
                    <title>When I select a random shirt</title>
                    <attachments/>
                    <steps/>
                </step>
                <step start='1644242899379' status='passed' stop='1644242899479'>
                    <name>Then I should view the details of the shirt</name>
                    <title>Then I should view the details of the shirt</title>
                    <attachments/>
                    <steps/>
                </step>
                <step start='1644242899480' status='passed' stop='1644242899563'>
                    <name>When I click Add To Cart</name>
                    <title>When I click Add To Cart</title>
                    <attachments/>
                    <steps/>
                </step>
                <step start='1644242899563' status='broken' stop='1644242899667'>
                    <name>And I click View Cart</name>
                    <title>And I click View Cart</title>
                    <attachments/>
                    <steps/>
                </step>
            </steps>
            <attachments/>
            <failure>
                <message>element not interactable</message>
                <stack-trace>element not interactable
                  (Session info: chrome=98.0.4758.80)
                0   chromedriver                        0x0000000106c33e69 chromedriver + 5160553
                1   chromedriver                        0x0000000106bbe593 chromedriver + 4679059
                2   chromedriver                        0x000000010677217f chromedriver + 172415
                3   chromedriver                        0x00000001067a8c37 chromedriver + 396343
                4   chromedriver                        0x000000010679cd19 chromedriver + 347417
                5   chromedriver                        0x00000001067c5362 chromedriver + 512866
                6   chromedriver                        0x000000010679c5b5 chromedriver + 345525
                7   chromedriver                        0x00000001067c567e chromedriver + 513662
                8   chromedriver                        0x00000001067d80ab chromedriver + 589995
                9   chromedriver                        0x00000001067c5623 chromedriver + 513571
                10  chromedriver                        0x000000010679adce chromedriver + 339406
                11  chromedriver                        0x000000010679c105 chromedriver + 344325
                12  chromedriver                        0x0000000106bef23e chromedriver + 4878910
                13  chromedriver                        0x0000000106c06d17 chromedriver + 4975895
                14  chromedriver                        0x0000000106c0ca3f chromedriver + 4999743
                15  chromedriver                        0x0000000106c0761a chromedriver + 4978202
                16  chromedriver                        0x0000000106be3bb1 chromedriver + 4832177
                17  chromedriver                        0x0000000106c23fd8 chromedriver + 5095384
                18  chromedriver                        0x0000000106c24161 chromedriver + 5095777
                19  chromedriver                        0x0000000106c3b2a8 chromedriver + 5190312
                20  libsystem_pthread.dylib             0x00007fff206df8fc _pthread_start + 224
                21  libsystem_pthread.dylib             0x00007fff206db443 thread_start + 15
                </stack-trace>
            </failure>
        </test-case>
        <test-case start='1644242899668' status='broken' stop='1644242905019'>
            <name>Checkout and Place Order</name>
            <title>Checkout and Place Order</title>
            <labels>
                <label name='language' value='javascript'/>
                <label name='framework' value='wdio'/>
                <label name='thread' value='0-0'/>
            </labels>
            <parameters>
                <parameter kind='argument' name='browser' value='chrome-98.0.4758.80'/>
            </parameters>
            <steps>
                <step start='1644242899669' status='broken' stop='1644242905019'>
                    <name>When I click Checkout button in the Cart</name>
                    <title>When I click Checkout button in the Cart</title>
                    <attachments/>
                    <steps/>
                </step>
            </steps>
            <attachments/>
            <failure>
                <message>Error: Can't call $ on element with selector "function() {</message>
                <stack-trace>Error: Can't call $ on element with selector "function() {
                      // element has a shadowRoot property
                      if (this.shadowRoot) {
                        return this.shadowRoot.querySelector('.main-frame')
                      }
                      // fall back to querying the element directly if not
                      return this.querySelector('.main-frame')
                    }" because element wasn't found
                    at implicitWait (/Users/colarte/wdio-cucumber-ts/node_modules/webdriverio/build/utils/implicitWait.js:34:19)
                    at async Element.elementErrorHandlerCallbackFn (/Users/colarte/wdio-cucumber-ts/node_modules/webdriverio/build/middlewares.js:20:29)
                    at async Element.wrapCommandFn (/Users/colarte/wdio-cucumber-ts/node_modules/@wdio/utils/build/shim.js:131:29)
                    at async Element.wrapCommandFn (/Users/colarte/wdio-cucumber-ts/node_modules/@wdio/utils/build/shim.js:131:29)</stack-trace>
            </failure>
        </test-case>
    </test-cases>
</ns2:test-suite>